 
 -------------- celery@admindeMac-mini.local v5.6.2 (recovery)
--- ***** ----- 
-- ******* ---- macOS-15.6.1-arm64-arm-64bit 2026-03-11 11:53:56
- *** --- * --- 
- ** ---------- [config]
- ** ---------- .> app:         auto_test_scheduler:0x102a23d00
- ** ---------- .> transport:   redis://localhost:6385/0
- ** ---------- .> results:     redis://localhost:6385/0
- *** --- * --- .> concurrency: 10 (prefork)
-- ******* ---- .> task events: OFF (enable -E to monitor tasks in this worker)
--- ***** ----- 
 -------------- [queues]
                .> celery           exchange=celery(direct) key=celery
                

[tasks]
  . backend.scheduler.tasks.run_test_cases_task

[2026-03-11 11:53:57,242: INFO/MainProcess] Connected to redis://localhost:6385/0
[2026-03-11 11:53:57,245: INFO/MainProcess] mingle: searching for neighbors
[2026-03-11 11:53:58,256: INFO/MainProcess] mingle: all alone
[2026-03-11 11:53:58,275: INFO/MainProcess] celery@admindeMac-mini.local ready.

worker: Warm shutdown (MainProcess)
